TN:
SF:index.ts
FN:1,(empty-report)
FNF:1
FNH:0
FNDA:0,(empty-report)
DA:1,0
LF:1
LH:0
BRDA:1,0,0,0
BRF:1
BRH:0
end_of_record
TN:
SF:src/fetcher.ts
FN:3,defaultFetch
FNF:1
FNH:1
FNDA:3,defaultFetch
DA:1,1
DA:2,1
DA:3,1
DA:4,3
DA:5,3
DA:6,3
DA:7,3
DA:8,3
DA:9,3
DA:10,1
DA:11,1
LF:11
LH:11
BRDA:3,0,0,3
BRDA:8,1,0,2
BRDA:9,2,0,1
BRF:3
BRH:3
end_of_record
TN:
SF:src/handlers.ts
FN:17,routeMessageEvent
FN:31,applyAssistantOutputsToRoot
FN:37,applyParentInputsToRoot
FN:48,createTracingHandlers
FN:56,onTurnStart
FN:78,propagatePromptToRoot
FN:90,setModelAndProviderAttributes
FN:97,createProviderRequestSpan
FN:104,onBeforeProviderRequest
FN:121,applyTokenUsage
FN:126,applyStopReason
FN:131,applyOutputPreview
FN:143,applyErrorStatus
FN:156,endSpanSafely
FN:164,onAfterProviderResponse
FN:179,onToolCall
FN:197,finalizeToolSpan
FN:216,onToolResult
FN:223,handleUserMessage
FN:235,getModelIdFromEvent
FN:239,getProviderFromEvent
FN:243,createAssistantSpan
FN:252,applyAssistantOutputs
FN:263,applyParentInputsToSpan
FN:276,handleAssistantMessage
FN:288,extractMessageFromEvent
FN:295,extractIdFromEvent
FN:303,onMessageEnd
FN:310,finalizeTurn
FN:320,onTurnEnd
FN:346,onSessionShutdown
FN:350,listTraces
FN:359,showTrace
FN:368,handleTracesCommand
FN:378,registerCommand
FNF:35
FNH:29
FNDA:4,routeMessageEvent
FNDA:0,applyAssistantOutputsToRoot
FNDA:0,applyParentInputsToRoot
FNDA:7,createTracingHandlers
FNDA:6,onTurnStart
FNDA:2,propagatePromptToRoot
FNDA:2,setModelAndProviderAttributes
FNDA:2,createProviderRequestSpan
FNDA:2,onBeforeProviderRequest
FNDA:1,applyTokenUsage
FNDA:1,applyStopReason
FNDA:1,applyOutputPreview
FNDA:1,applyErrorStatus
FNDA:4,endSpanSafely
FNDA:1,onAfterProviderResponse
FNDA:1,onToolCall
FNDA:1,finalizeToolSpan
FNDA:1,onToolResult
FNDA:2,handleUserMessage
FNDA:4,getModelIdFromEvent
FNDA:4,getProviderFromEvent
FNDA:2,createAssistantSpan
FNDA:2,applyAssistantOutputs
FNDA:2,applyParentInputsToSpan
FNDA:2,handleAssistantMessage
FNDA:4,extractMessageFromEvent
FNDA:4,extractIdFromEvent
FNDA:4,onMessageEnd
FNDA:1,finalizeTurn
FNDA:1,onTurnEnd
FNDA:0,onSessionShutdown
FNDA:0,listTraces
FNDA:0,showTrace
FNDA:0,handleTracesCommand
FNDA:1,registerCommand
DA:1,1
DA:2,1
DA:3,1
DA:4,1
DA:5,1
DA:6,1
DA:7,1
DA:8,1
DA:9,1
DA:10,1
DA:11,1
DA:12,1
DA:13,1
DA:14,1
DA:15,1
DA:16,1
DA:17,4
DA:18,4
DA:19,4
DA:20,4
DA:21,4
DA:22,4
DA:23,4
DA:24,4
DA:25,4
DA:26,4
DA:27,4
DA:28,2
DA:29,4
DA:30,1
DA:31,0
DA:32,0
DA:33,0
DA:34,0
DA:35,0
DA:36,1
DA:37,0
DA:38,0
DA:39,0
DA:40,0
DA:41,0
DA:42,0
DA:43,0
DA:44,0
DA:45,0
DA:46,0
DA:47,1
DA:48,1
DA:49,7
DA:50,7
DA:51,7
DA:52,7
DA:53,7
DA:54,7
DA:55,7
DA:56,7
DA:57,6
DA:58,6
DA:59,6
DA:60,6
DA:61,6
DA:62,6
DA:63,6
DA:64,6
DA:65,6
DA:66,6
DA:67,6
DA:68,6
DA:69,6
DA:70,6
DA:71,6
DA:72,6
DA:73,6
DA:74,0
DA:75,0
DA:76,6
DA:77,7
DA:78,7
DA:79,2
DA:80,2
DA:81,2
DA:82,2
DA:83,2
DA:84,2
DA:85,2
DA:86,0
DA:87,0
DA:88,2
DA:89,7
DA:90,7
DA:91,2
DA:92,2
DA:93,2
DA:94,2
DA:95,2
DA:96,7
DA:97,7
DA:98,2
DA:99,2
DA:100,2
DA:101,2
DA:102,2
DA:103,7
DA:104,7
DA:105,2
DA:106,2
DA:107,2
DA:108,2
DA:109,2
DA:110,2
DA:111,2
DA:112,2
DA:113,2
DA:114,2
DA:115,2
DA:116,2
DA:117,0
DA:118,0
DA:119,2
DA:120,7
DA:121,7
DA:122,1
DA:123,1
DA:124,1
DA:125,7
DA:126,7
DA:127,1
DA:128,1
DA:129,1
DA:130,7
DA:131,7
DA:132,1
DA:133,1
DA:134,1
DA:135,1
DA:136,1
DA:137,1
DA:138,1
DA:139,1
DA:140,1
DA:141,1
DA:142,7
DA:143,7
DA:144,1
DA:145,1
DA:146,1
DA:147,1
DA:148,1
DA:149,1
DA:150,1
DA:151,0
DA:152,0
DA:153,1
DA:154,1
DA:155,7
DA:156,7
DA:157,4
DA:158,4
DA:159,4
DA:160,0
DA:161,0
DA:162,4
DA:163,7
DA:164,7
DA:165,1
DA:166,1
DA:167,1
DA:168,1
DA:169,1
DA:170,1
DA:171,1
DA:172,1
DA:173,1
DA:174,1
DA:175,1
DA:176,1
DA:177,1
DA:178,7
DA:179,7
DA:180,1
DA:181,1
DA:182,1
DA:183,1
DA:184,1
DA:185,1
DA:186,1
DA:187,1
DA:188,1
DA:189,1
DA:190,1
DA:191,0
DA:192,0
DA:193,1
DA:194,1
DA:195,1
DA:196,7
DA:197,7
DA:198,1
DA:199,1
DA:200,1
DA:201,1
DA:202,1
DA:203,1
DA:204,1
DA:205,0
DA:206,0
DA:207,1
DA:208,1
DA:209,1
DA:210,1
DA:211,0
DA:212,0
DA:213,1
DA:214,1
DA:215,7
DA:216,7
DA:217,1
DA:218,1
DA:219,1
DA:220,1
DA:221,1
DA:222,7
DA:223,7
DA:224,2
DA:225,2
DA:226,2
DA:227,2
DA:228,2
DA:229,2
DA:230,2
DA:231,2
DA:232,2
DA:233,2
DA:234,7
DA:235,7
DA:236,4
DA:237,4
DA:238,7
DA:239,7
DA:240,4
DA:241,4
DA:242,7
DA:243,7
DA:244,2
DA:245,2
DA:246,2
DA:247,2
DA:248,2
DA:249,2
DA:250,2
DA:251,7
DA:252,7
DA:253,2
DA:254,2
DA:255,2
DA:256,2
DA:257,2
DA:258,2
DA:259,0
DA:260,0
DA:261,2
DA:262,7
DA:263,7
DA:264,2
DA:265,2
DA:266,2
DA:267,2
DA:268,2
DA:269,2
DA:270,2
DA:271,2
DA:272,0
DA:273,0
DA:274,2
DA:275,7
DA:276,7
DA:277,2
DA:278,2
DA:279,2
DA:280,2
DA:281,2
DA:282,2
DA:283,2
DA:284,2
DA:285,2
DA:286,2
DA:287,7
DA:288,7
DA:289,4
DA:290,4
DA:291,0
DA:292,0
DA:293,4
DA:294,7
DA:295,7
DA:296,4
DA:297,4
DA:298,4
DA:299,4
DA:300,0
DA:301,4
DA:302,7
DA:303,7
DA:304,4
DA:305,4
DA:306,4
DA:307,4
DA:308,4
DA:309,7
DA:310,7
DA:311,1
DA:312,1
DA:313,1
DA:314,1
DA:315,1
DA:316,1
DA:317,1
DA:318,1
DA:319,7
DA:320,7
DA:321,1
DA:322,1
DA:323,1
DA:324,1
DA:325,1
DA:326,1
DA:327,1
DA:328,1
DA:329,1
DA:330,1
DA:331,1
DA:332,1
DA:333,1
DA:334,0
DA:335,0
DA:336,1
DA:337,1
DA:338,1
DA:339,1
DA:340,1
DA:341,1
DA:342,0
DA:343,0
DA:344,1
DA:345,7
DA:346,7
DA:347,0
DA:348,0
DA:349,7
DA:350,7
DA:351,0
DA:352,0
DA:353,0
DA:354,0
DA:355,0
DA:356,0
DA:357,0
DA:358,7
DA:359,7
DA:360,0
DA:361,0
DA:362,0
DA:363,0
DA:364,0
DA:365,0
DA:366,0
DA:367,7
DA:368,7
DA:369,0
DA:370,0
DA:371,0
DA:372,0
DA:373,0
DA:374,0
DA:375,0
DA:376,0
DA:377,7
DA:378,7
DA:379,1
DA:380,1
DA:381,1
DA:382,1
DA:383,1
DA:384,7
DA:385,7
DA:386,7
DA:387,7
DA:388,7
DA:389,7
DA:390,7
DA:391,7
DA:392,7
DA:393,7
DA:394,7
DA:395,7
DA:396,7
LF:396
LH:330
BRDA:17,0,0,4
BRDA:25,1,0,0
BRDA:27,2,0,2
BRDA:48,3,0,7
BRDA:56,4,0,6
BRDA:66,5,0,3
BRDA:72,6,0,2
BRDA:73,7,0,0
BRDA:78,8,0,2
BRDA:80,9,0,0
BRDA:85,10,0,0
BRDA:90,11,0,2
BRDA:92,12,0,0
BRDA:97,13,0,2
BRDA:104,14,0,2
BRDA:106,15,0,0
BRDA:108,16,0,0
BRDA:112,17,0,1
BRDA:112,18,0,1
BRDA:116,19,0,0
BRDA:121,20,0,1
BRDA:122,21,0,0
BRDA:126,22,0,1
BRDA:127,23,0,0
BRDA:131,24,0,1
BRDA:133,25,0,0
BRDA:143,26,0,1
BRDA:144,27,0,0
BRDA:148,28,0,0
BRDA:150,29,0,0
BRDA:156,30,0,4
BRDA:159,31,0,0
BRDA:164,32,0,1
BRDA:165,33,0,0
BRDA:165,34,0,0
BRDA:166,35,0,0
BRDA:168,36,0,0
BRDA:179,37,0,1
BRDA:181,38,0,0
BRDA:183,39,0,0
BRDA:185,40,0,0
BRDA:189,41,0,0
BRDA:189,42,0,0
BRDA:190,43,0,0
BRDA:197,44,0,1
BRDA:202,45,0,0
BRDA:204,46,0,0
BRDA:210,47,0,0
BRDA:216,48,0,1
BRDA:217,49,0,0
BRDA:218,50,0,0
BRDA:223,51,0,2
BRDA:224,52,0,0
BRDA:225,53,0,0
BRDA:229,54,0,0
BRDA:231,55,0,0
BRDA:235,56,0,4
BRDA:236,57,0,2
BRDA:236,58,0,2
BRDA:239,59,0,4
BRDA:240,60,0,2
BRDA:243,61,0,2
BRDA:246,62,0,0
BRDA:248,63,0,0
BRDA:252,64,0,2
BRDA:253,65,0,0
BRDA:254,66,0,0
BRDA:258,67,0,0
BRDA:263,68,0,2
BRDA:264,69,0,0
BRDA:264,70,0,0
BRDA:265,71,0,0
BRDA:267,72,0,0
BRDA:271,73,0,0
BRDA:276,74,0,2
BRDA:278,75,0,0
BRDA:280,76,0,0
BRDA:288,77,0,4
BRDA:289,78,0,0
BRDA:290,79,0,0
BRDA:295,80,0,4
BRDA:296,81,0,0
BRDA:297,82,0,0
BRDA:298,83,0,0
BRDA:299,84,0,0
BRDA:303,85,0,4
BRDA:310,86,0,1
BRDA:313,87,0,0
BRDA:316,88,0,0
BRDA:317,89,0,0
BRDA:320,90,0,1
BRDA:324,91,0,0
BRDA:327,92,0,0
BRDA:333,93,0,0
BRDA:341,94,0,0
BRDA:378,95,0,1
BRF:96
BRH:37
end_of_record
TN:
SF:src/index.ts
FN:1,(empty-report)
FNF:1
FNH:0
FNDA:0,(empty-report)
DA:1,0
DA:2,0
DA:3,0
DA:4,0
DA:5,0
DA:6,0
DA:7,0
DA:8,0
DA:9,0
DA:10,0
DA:11,0
DA:12,0
DA:13,0
DA:14,0
DA:15,0
DA:16,0
DA:17,0
DA:18,0
DA:19,0
DA:20,0
DA:21,0
DA:22,0
DA:23,0
DA:24,0
DA:25,0
DA:26,0
DA:27,0
DA:28,0
DA:29,0
DA:30,0
DA:31,0
DA:32,0
DA:33,0
DA:34,0
DA:35,0
DA:36,0
DA:37,0
DA:38,0
DA:39,0
DA:40,0
DA:41,0
DA:42,0
DA:43,0
DA:44,0
DA:45,0
DA:46,0
DA:47,0
DA:48,0
DA:49,0
DA:50,0
DA:51,0
DA:52,0
DA:53,0
DA:54,0
DA:55,0
DA:56,0
DA:57,0
DA:58,0
DA:59,0
DA:60,0
DA:61,0
DA:62,0
DA:63,0
DA:64,0
DA:65,0
DA:66,0
DA:67,0
DA:68,0
DA:69,0
DA:70,0
DA:71,0
DA:72,0
DA:73,0
DA:74,0
DA:75,0
DA:76,0
DA:77,0
DA:78,0
DA:79,0
DA:80,0
DA:81,0
DA:82,0
DA:83,0
DA:84,0
DA:85,0
DA:86,0
DA:87,0
DA:88,0
DA:89,0
DA:90,0
LF:90
LH:0
BRDA:1,0,0,0
BRF:1
BRH:0
end_of_record
TN:
SF:src/otel.ts
FN:8,<instance_members_initializer>
FN:10,SpanExporterAdapter
FN:13,export
FN:18,shutdown
FN:24,createSdk
FN:37,shutdownSdk
FNF:6
FNH:4
FNDA:1,<instance_members_initializer>
FNDA:1,SpanExporterAdapter
FNDA:0,export
FNDA:0,shutdown
FNDA:1,createSdk
FNDA:1,shutdownSdk
DA:1,1
DA:2,1
DA:3,1
DA:4,1
DA:5,1
DA:6,1
DA:7,1
DA:8,1
DA:9,1
DA:10,1
DA:11,1
DA:12,1
DA:13,1
DA:14,0
DA:15,0
DA:16,0
DA:17,0
DA:18,1
DA:19,0
DA:20,0
DA:21,0
DA:22,1
DA:23,1
DA:24,1
DA:25,1
DA:26,1
DA:27,1
DA:28,1
DA:29,1
DA:30,1
DA:31,1
DA:32,1
DA:33,1
DA:34,1
DA:35,1
DA:36,1
DA:37,1
DA:38,1
DA:39,1
DA:40,1
DA:41,0
DA:42,0
DA:43,1
LF:43
LH:34
BRDA:8,0,0,1
BRDA:10,1,0,1
BRDA:24,2,0,1
BRDA:25,3,0,0
BRDA:37,4,0,1
BRDA:40,5,0,0
BRF:6
BRH:4
end_of_record
TN:
SF:src/trace-format.ts
FN:1,getTraceInfo
FN:5,getTraceId
FN:10,getTraceTimestamp
FN:15,getTraceDuration
FN:20,getRequestPreview
FN:25,formatTraceLine
FN:33,getSpanName
FN:37,getSpanTimes
FN:45,getSpanDuration
FN:51,formatSpanEntry
FNF:10
FNH:10
FNDA:15,getTraceInfo
FNDA:6,getTraceId
FNDA:3,getTraceTimestamp
FNDA:3,getTraceDuration
FNDA:3,getRequestPreview
FNDA:3,formatTraceLine
FNDA:2,getSpanName
FNDA:2,getSpanTimes
FNDA:2,getSpanDuration
FNDA:2,formatSpanEntry
DA:1,1
DA:2,15
DA:3,15
DA:4,1
DA:5,1
DA:6,6
DA:7,6
DA:8,6
DA:9,1
DA:10,1
DA:11,3
DA:12,3
DA:13,3
DA:14,1
DA:15,1
DA:16,3
DA:17,3
DA:18,3
DA:19,1
DA:20,1
DA:21,3
DA:22,3
DA:23,3
DA:24,1
DA:25,1
DA:26,3
DA:27,3
DA:28,3
DA:29,3
DA:30,3
DA:31,3
DA:32,1
DA:33,1
DA:34,2
DA:35,2
DA:36,1
DA:37,1
DA:38,2
DA:39,2
DA:40,0
DA:41,2
DA:42,2
DA:43,2
DA:44,1
DA:45,1
DA:46,2
DA:47,2
DA:48,0
DA:49,2
DA:50,1
DA:51,1
DA:52,2
DA:53,2
DA:54,2
DA:55,2
DA:56,2
DA:57,1
DA:58,1
LF:58
LH:56
BRDA:1,0,0,15
BRDA:2,1,0,2
BRDA:2,2,0,2
BRDA:5,3,0,6
BRDA:7,4,0,1
BRDA:7,5,0,1
BRDA:7,6,0,1
BRDA:10,7,0,3
BRDA:12,8,0,0
BRDA:15,9,0,3
BRDA:17,10,0,0
BRDA:20,11,0,3
BRDA:22,12,0,0
BRDA:22,13,0,0
BRDA:22,14,0,0
BRDA:25,15,0,3
BRDA:33,16,0,2
BRDA:34,17,0,0
BRDA:34,18,0,0
BRDA:37,19,0,2
BRDA:39,20,0,0
BRDA:41,21,0,0
BRDA:45,22,0,2
BRDA:47,23,0,0
BRDA:51,24,0,2
BRDA:56,25,0,1
BRF:26
BRH:16
end_of_record
TN:
SF:src/traces.ts
FN:5,getTracesFromJson
FN:9,renderTracesWidget
FN:18,listTraces
FN:28,renderTraceDetail
FN:37,showTrace
FN:51,createTracesHandler
FN:52,tracesHandler
FNF:7
FNH:7
FNDA:5,getTracesFromJson
FNDA:3,renderTracesWidget
FNDA:3,listTraces
FNDA:1,renderTraceDetail
FNDA:2,showTrace
FNDA:1,createTracesHandler
FNDA:1,tracesHandler
DA:1,1
DA:2,1
DA:3,1
DA:4,1
DA:5,5
DA:6,5
DA:7,5
DA:8,1
DA:9,3
DA:10,3
DA:11,2
DA:12,2
DA:13,2
DA:14,1
DA:15,1
DA:16,3
DA:17,1
DA:18,3
DA:19,3
DA:20,3
DA:21,3
DA:22,3
DA:23,3
DA:24,3
DA:25,3
DA:26,3
DA:27,1
DA:28,1
DA:29,1
DA:30,1
DA:31,1
DA:32,1
DA:33,1
DA:34,1
DA:35,1
DA:36,1
DA:37,2
DA:38,2
DA:39,2
DA:40,2
DA:41,2
DA:42,2
DA:43,2
DA:44,1
DA:45,1
DA:46,1
DA:47,1
DA:48,1
DA:49,1
DA:50,1
DA:51,1
DA:52,1
DA:53,1
DA:54,1
DA:55,1
DA:56,1
DA:57,1
DA:58,1
DA:59,1
DA:60,1
DA:61,0
DA:62,0
DA:63,0
DA:64,0
DA:65,1
DA:66,1
LF:66
LH:62
BRDA:5,0,0,5
BRDA:6,1,0,0
BRDA:6,2,0,0
BRDA:9,3,0,3
BRDA:10,4,0,2
BRDA:13,5,0,1
BRDA:18,6,0,3
BRDA:19,7,0,0
BRDA:21,8,0,0
BRDA:28,9,0,1
BRDA:29,10,0,0
BRDA:29,11,0,0
BRDA:31,12,0,0
BRDA:37,13,0,2
BRDA:38,14,0,0
BRDA:43,15,0,1
BRDA:51,16,0,1
BRDA:52,17,0,1
BRDA:53,18,0,0
BRDA:54,19,0,0
BRDA:59,20,0,0
BRDA:60,21,0,0
BRF:22
BRH:10
end_of_record
TN:
SF:src/utils.ts
FN:4,parseHeaders
FN:18,truncateText
FN:25,normalizeSessionId
FN:31,setSpanAttribute
FN:40,extractMessageArray
FN:46,getMessageRole
FN:50,getMessageContentField
FN:54,formatMessageEntry
FN:61,getDirectPrompt
FN:72,getPromptFromEvent
FN:91,findPrimaryOutput
FN:101,findChoicesOutput
FN:105,getOutputFromEvent
FN:124,getMessageArrayOrText
FN:135,getMessagePayloadOutput
FN:143,getMessageContent
FN:153,generateId
FNF:17
FNH:16
FNDA:3,parseHeaders
FNDA:14,truncateText
FNDA:8,normalizeSessionId
FNDA:53,setSpanAttribute
FNDA:6,extractMessageArray
FNDA:1,getMessageRole
FNDA:1,getMessageContentField
FNDA:1,formatMessageEntry
FNDA:5,getDirectPrompt
FNDA:6,getPromptFromEvent
FNDA:3,findPrimaryOutput
FNDA:1,findChoicesOutput
FNDA:3,getOutputFromEvent
FNDA:2,getMessageArrayOrText
FNDA:0,getMessagePayloadOutput
FNDA:2,getMessageContent
FNDA:7,generateId
DA:1,1
DA:2,1
DA:3,1
DA:4,1
DA:5,3
DA:6,2
DA:7,2
DA:8,2
DA:9,2
DA:10,2
DA:11,3
DA:12,4
DA:13,4
DA:14,4
DA:15,3
DA:16,3
DA:17,1
DA:18,1
DA:19,14
DA:20,14
DA:21,14
DA:22,1
DA:23,1
DA:24,1
DA:25,1
DA:26,8
DA:27,8
DA:28,8
DA:29,8
DA:30,1
DA:31,1
DA:32,53
DA:33,53
DA:34,53
DA:35,53
DA:36,0
DA:37,0
DA:38,53
DA:39,1
DA:40,6
DA:41,6
DA:42,6
DA:43,6
DA:44,6
DA:45,1
DA:46,1
DA:47,1
DA:48,1
DA:49,1
DA:50,1
DA:51,1
DA:52,1
DA:53,1
DA:54,1
DA:55,1
DA:56,1
DA:57,1
DA:58,1
DA:59,1
DA:60,1
DA:61,5
DA:62,5
DA:63,5
DA:64,5
DA:65,2
DA:66,4
DA:67,2
DA:68,4
DA:69,2
DA:70,2
DA:71,1
DA:72,1
DA:73,6
DA:74,6
DA:75,6
DA:76,6
DA:77,6
DA:78,6
DA:79,6
DA:80,6
DA:81,5
DA:82,5
DA:83,5
DA:84,2
DA:85,2
DA:86,4
DA:87,0
DA:88,0
DA:89,6
DA:90,1
DA:91,3
DA:92,3
DA:93,3
DA:94,1
DA:95,1
DA:96,1
DA:97,1
DA:98,3
DA:99,3
DA:100,1
DA:101,1
DA:102,1
DA:103,1
DA:104,1
DA:105,1
DA:106,3
DA:107,3
DA:108,3
DA:109,3
DA:110,1
DA:111,1
DA:112,1
DA:113,3
DA:114,1
DA:115,1
DA:116,0
DA:117,0
DA:118,0
DA:119,0
DA:120,0
DA:121,3
DA:122,1
DA:123,1
DA:124,2
DA:125,2
DA:126,2
DA:127,2
DA:128,0
DA:129,0
DA:130,2
DA:131,2
DA:132,0
DA:133,0
DA:134,1
DA:135,0
DA:136,0
DA:137,0
DA:138,0
DA:139,0
DA:140,0
DA:141,0
DA:142,1
DA:143,1
DA:144,2
DA:145,2
DA:146,2
DA:147,0
DA:148,0
DA:149,0
DA:150,0
DA:151,2
DA:152,1
DA:153,1
DA:154,7
DA:155,7
LF:155
LH:131
BRDA:4,0,0,3
BRDA:5,1,0,1
BRDA:5,2,0,2
BRDA:11,3,0,4
BRDA:14,4,0,2
BRDA:15,5,0,0
BRDA:9,6,0,4
BRDA:18,7,0,14
BRDA:19,8,0,0
BRDA:21,9,0,13
BRDA:21,10,0,1
BRDA:25,11,0,8
BRDA:26,12,0,0
BRDA:27,13,0,0
BRDA:31,14,0,53
BRDA:32,15,0,0
BRDA:34,16,0,0
BRDA:35,17,0,0
BRDA:40,18,0,6
BRDA:42,19,0,5
BRDA:42,20,0,5
BRDA:42,21,0,0
BRDA:42,22,0,5
BRDA:42,23,0,0
BRDA:46,24,0,1
BRDA:47,25,0,0
BRDA:47,26,0,0
BRDA:47,27,0,0
BRDA:50,28,0,1
BRDA:51,29,0,0
BRDA:51,30,0,0
BRDA:51,31,0,0
BRDA:51,32,0,0
BRDA:54,33,0,1
BRDA:55,34,0,0
BRDA:58,35,0,0
BRDA:61,36,0,5
BRDA:62,37,0,0
BRDA:64,38,0,4
BRDA:64,39,0,3
BRDA:64,40,0,0
BRDA:64,41,0,2
BRDA:66,42,0,0
BRDA:66,43,0,2
BRDA:68,44,0,0
BRDA:68,45,0,2
BRDA:72,46,0,6
BRDA:73,47,0,0
BRDA:75,48,0,2
BRDA:76,49,0,0
BRDA:79,50,0,1
BRDA:80,51,0,5
BRDA:80,52,0,1
BRDA:83,53,0,3
BRDA:83,54,0,4
BRDA:83,55,0,2
BRDA:86,56,0,0
BRDA:91,57,0,3
BRDA:93,58,0,1
BRDA:94,59,0,1
BRDA:95,60,0,1
BRDA:96,61,0,0
BRDA:96,62,0,1
BRDA:97,63,0,0
BRDA:101,64,0,1
BRDA:102,65,0,0
BRDA:102,66,0,0
BRDA:102,67,0,0
BRDA:105,68,0,3
BRDA:106,69,0,0
BRDA:109,70,0,2
BRDA:109,71,0,0
BRDA:109,72,0,1
BRDA:113,73,0,2
BRDA:113,74,0,1
BRDA:115,75,0,0
BRDA:114,76,0,2
BRDA:114,77,0,0
BRDA:124,78,0,2
BRDA:125,79,0,0
BRDA:126,80,0,0
BRDA:127,81,0,0
BRDA:130,82,0,0
BRDA:131,83,0,0
BRDA:143,84,0,2
BRDA:146,85,0,0
BRDA:153,86,0,7
BRF:87
BRH:47
end_of_record
TN:
SF:src/handlers/session.ts
FN:1,getSessionFileFromContext
FN:5,sessionKeyFromFile
FN:9,getFallbackEventId
FN:13,resolveTurnIdForEvent
FN:21,setTurnForSession
FNF:5
FNH:4
FNDA:15,getSessionFileFromContext
FNDA:15,sessionKeyFromFile
FNDA:0,getFallbackEventId
FNDA:8,resolveTurnIdForEvent
FNDA:6,setTurnForSession
DA:1,1
DA:2,15
DA:3,15
DA:4,1
DA:5,1
DA:6,15
DA:7,15
DA:8,1
DA:9,1
DA:10,0
DA:11,0
DA:12,1
DA:13,1
DA:14,8
DA:15,8
DA:16,8
DA:17,8
DA:18,0
DA:19,0
DA:20,1
DA:21,1
DA:22,6
DA:23,6
LF:23
LH:19
BRDA:1,0,0,15
BRDA:2,1,0,0
BRDA:5,2,0,15
BRDA:13,3,0,8
BRDA:14,4,0,0
BRDA:14,5,0,0
BRDA:17,6,0,0
BRDA:21,7,0,6
BRF:8
BRH:4
end_of_record
